<?xml version="1.0" encoding="UTF-8"?>
<testsuite name="shelter.VirtualPetShelterTest" tests="1" skipped="0" failures="0" errors="0" timestamp="2022-05-02T19:39:32" hostname="TANKIE" time="0.026">
  <properties/>
  <testcase name="shouldBeAbleToAddAPet()" classname="shelter.VirtualPetShelterTest" time="0.026"/>
  <system-out><![CDATA[]]></system-out>
  <system-err><![CDATA[]]></system-err>
</testsuite>
